<?xml version="1.0" encoding="UTF-8"?>
<!-- Generated by org.testng.reporters.JUnitReportReporter -->
<testsuite hostname="DESKTOP-VAL96U8" failures="0" tests="1" name="scripts.TestCases" time="34.630" errors="0" timestamp="2020-08-18T16:40:48 EDT" skipped="0">
  <testcase classname="scripts.TestCases" name="MyFunc" time="34.630"/>
  <system-out/>
</testsuite> <!-- scripts.TestCases -->
