<?xml version="1.0" encoding="UTF-8"?>
<!-- Generated by org.testng.reporters.JUnitReportReporter -->
<testsuite hostname="DESKTOP-VAL96U8" failures="0" tests="1" name="demo.fillOracle" time="9.889" errors="0" timestamp="2020-10-06T11:52:29 EDT" skipped="0">
  <testcase classname="demo.fillOracle" name="myFunc" time="9.889"/>
  <system-out/>
</testsuite> <!-- demo.fillOracle -->
