<?xml version="1.0" encoding="UTF-8"?>
<!-- Generated by org.testng.reporters.JUnitReportReporter -->
<testsuite hostname="DESKTOP-VAL96U8" failures="0" tests="1" name="demo.Task2" time="5.763" errors="0" timestamp="2020-08-07T23:51:45 EDT" skipped="0">
  <testcase classname="demo.Task2" name="fillFb" time="5.763"/>
  <system-out/>
</testsuite> <!-- demo.Task2 -->
