<?xml version="1.0" encoding="UTF-8"?>
<!-- Generated by org.testng.reporters.JUnitReportReporter -->
<testsuite hostname="DESKTOP-VAL96U8" failures="0" tests="1" name="demo.Task1" time="11.186" errors="0" timestamp="2020-08-08T13:38:46 EDT" skipped="0">
  <testcase classname="demo.Task1" name="f" time="11.186"/>
  <system-out/>
</testsuite> <!-- demo.Task1 -->
